C51 COMPILER V9.00   FIRST                                                                 02/25/2021 18:31:43 PAGE 1   


C51 COMPILER V9.00, COMPILATION OF MODULE FIRST
OBJECT MODULE PLACED IN first.OBJ
COMPILER INVOKED BY: C:\Keil_v4\C51\BIN\C51.EXE first.c BROWSE DEBUG OBJECTEXTEND

line level    source

   1          #include "reg52.h"
   2          #include "intrins.h"
   3          
   4          #define uint unsigned int
   5          #define uchar unsigned char
   6          
   7          sbit beep = P2^3;
   8          void delay(uint i);
   9          void main()
  10          {
  11   1          P1 = 0xfe;
  12   1          while(1)
  13   1          {
  14   2              delay(5000);
  15   2              P1 = _crol_(P1, 1);
  16   2              delay(1000);
  17   2          }
  18   1      }
  19          void delay(uint i)
  20          {
  21   1          uint k,j;
  22   1          for(k=i; k>0; k--)
  23   1              for(j=125; j<0; j--);
  24   1      }


MODULE INFORMATION:   STATIC OVERLAYABLE
   CODE SIZE        =     66    ----
   CONSTANT SIZE    =   ----    ----
   XDATA SIZE       =   ----    ----
   PDATA SIZE       =   ----    ----
   DATA SIZE        =   ----    ----
   IDATA SIZE       =   ----    ----
   BIT SIZE         =   ----    ----
END OF MODULE INFORMATION.


C51 COMPILATION COMPLETE.  0 WARNING(S),  0 ERROR(S)
