C51 COMPILER V9.00   LESSION3                                                              03/03/2021 13:39:22 PAGE 1   


C51 COMPILER V9.00, COMPILATION OF MODULE LESSION3
OBJECT MODULE PLACED IN lession3.OBJ
COMPILER INVOKED BY: C:\Keil_v4\C51\BIN\C51.EXE lession3.c BROWSE DEBUG OBJECTEXTEND

line level    source

   1          #include<reg52.h>
   2          
   3          #define uchar unsigned char         
   4          #define uint unsigned int
   5          #define dula P0
   6          
   7          sbit wela1 = P2^4;
   8          sbit wela2 = P2^5;
   9          sbit wela3 = P2^6;
  10          sbit wela4 = P2^7;   
  11          
  12          
  13          uchar code sz[17]={0x3f , 0x06 , 0x5b ,0x4f , 0x66 , 0x6d ,0x7d , 0x07 , 0x7f , 0x6f ,0x77 , 0x7c , 0x39 ,
             - 0x5e , 0x79 , 0x71 , 0x00};
  14          uchar  tt, num;
  15          void main()
  16          {
  17   1          TMOD = 0x01;
  18   1          TH0 = (65535-50000)/256;
  19   1          TL0 = (65535-50000)%256;
  20   1          EA = 1;
  21   1          ET0 = 1;
  22   1          TR0 = 1;
  23   1      
  24   1          //EA = 1;
  25   1          //EX0 = 1;
  26   1          //IT0 = 1; or    TCON = 0x01;
  27   1          wela1 = 1;
  28   1          wela2 = 0;
  29   1          wela3 = 0;
  30   1          wela4 = 0;
  31   1          P0 = sz[0];
  32   1          while(1)
  33   1          {
  34   2              if(tt == 6)              //6*20ms
  35   2              {
  36   3                  tt = 0;
  37   3                  num ++;
  38   3                  if(num==10)
  39   3                  {
  40   4                      num = 0;
  41   4                  }
  42   3                  dula = sz[num];
  43   3                  wela1 = 1;
  44   3                  wela2 = 0;
  45   3                  wela3 = 0;
  46   3                  wela4 = 0;
  47   3              }
  48   2              
  49   2          }
  50   1          
  51   1      }
  52          void timer1() interrupt 1
  53          {
  54   1          TH0 = (65535-50000)/256;
C51 COMPILER V9.00   LESSION3                                                              03/03/2021 13:39:22 PAGE 2   

  55   1          TL0 = (65535-50000)%256;
  56   1          tt++;
  57   1      }


MODULE INFORMATION:   STATIC OVERLAYABLE
   CODE SIZE        =     75    ----
   CONSTANT SIZE    =     17    ----
   XDATA SIZE       =   ----    ----
   PDATA SIZE       =   ----    ----
   DATA SIZE        =      2    ----
   IDATA SIZE       =   ----    ----
   BIT SIZE         =   ----    ----
END OF MODULE INFORMATION.


C51 COMPILATION COMPLETE.  0 WARNING(S),  0 ERROR(S)
