C51 COMPILER V9.00   HOMEWORK1                                                             02/26/2021 13:06:58 PAGE 1   


C51 COMPILER V9.00, COMPILATION OF MODULE HOMEWORK1
OBJECT MODULE PLACED IN homework1.OBJ
COMPILER INVOKED BY: C:\Keil_v4\C51\BIN\C51.EXE homework1.c BROWSE DEBUG OBJECTEXTEND

line level    source

   1          #include "reg52.h"
   2          #include "intrins.h"
   3          
   4          #define uint unsigned int
   5          #define uchar unsigned char
   6          
   7          sbit led1 = P1^0;
   8          sbit led2 = P1^1;
   9          sbit led3 = P1^2;
  10          sbit led4 = P1^3;
  11          sbit led5 = P1^4;
  12          sbit led6 = P1^5;
  13          sbit led7 = P1^6;
  14          sbit led8 = P1^7;
  15          
  16          void delay(uint i)
  17          {
  18   1          uint k,j;
  19   1          for(k=i; k>0; k--)
  20   1              for(j=251; j<0; j--);
  21   1      }
  22          
  23          //uchar temp = 0x1;
  24          int m;
  25          void main()
  26          {
  27   1          for(m=3; m>0; m--)
  28   1          {
  29   2             led1 = 0;
  30   2             led3 = 0;
  31   2             led5 = 0;
  32   2             led7 = 0;
  33   2             led2 = 1;
  34   2             led4 = 1;
  35   2             led6 = 1;
  36   2             led8 = 1;
  37   2             delay(30000);
  38   2             led2 = 0;
  39   2             led4 = 0;
  40   2             led6 = 0;
  41   2             led8 = 0;
  42   2             led1 = 1;
  43   2             led3 = 1;
  44   2             led5 = 1;
  45   2             led7 = 1;
  46   2             delay(30000);
  47   2          }
  48   1          P1 = 0xff;
  49   1          delay(500000);
  50   1          
  51   1          for(m=3; m>0; m--)
  52   1          {
  53   2             P1 = 0x7e;
  54   2             delay(30000);
  55   2             P1 = 0xbd;
C51 COMPILER V9.00   HOMEWORK1                                                             02/26/2021 13:06:58 PAGE 2   

  56   2             delay(30000);
  57   2             P1 = 0xdb;
  58   2             delay(30000);
  59   2             P1 = 0xe7;
  60   2             delay(30000);
  61   2          }
  62   1          P1 = 0xff;
  63   1          delay(500000);
  64   1          
  65   1          for(m=3; m>0; m--)
  66   1          {
  67   2             P1 = 0xe7;
  68   2             delay(30000);
  69   2             P1 = 0xdb;
  70   2             delay(30000);
  71   2             P1 = 0xbd;
  72   2             delay(30000);
  73   2             P1 = 0x7e;
  74   2             delay(30000);
  75   2          }
  76   1          P1 = 0xff;
  77   1          delay(500000);
  78   1          for(m=3; m>0; m--)
  79   1          {
  80   2             P1 = 0x00;
  81   2             delay(30000);
  82   2             P1 = 0xff;
  83   2             delay(30000);
  84   2          }
  85   1          P1 = 0xff;
  86   1          delay(10000000);
  87   1      }


MODULE INFORMATION:   STATIC OVERLAYABLE
   CODE SIZE        =    282    ----
   CONSTANT SIZE    =   ----    ----
   XDATA SIZE       =   ----    ----
   PDATA SIZE       =   ----    ----
   DATA SIZE        =      2    ----
   IDATA SIZE       =   ----    ----
   BIT SIZE         =   ----    ----
END OF MODULE INFORMATION.


C51 COMPILATION COMPLETE.  0 WARNING(S),  0 ERROR(S)
