C51 COMPILER V9.00   MAIN                                                                  04/01/2021 16:51:01 PAGE 1   


C51 COMPILER V9.00, COMPILATION OF MODULE MAIN
OBJECT MODULE PLACED IN main.OBJ
COMPILER INVOKED BY: C:\Keil_v4\C51\BIN\C51.EXE main.c BROWSE DEBUG OBJECTEXTEND

line level    source

   1          #include <reg52.h>
   2          #include <intrins.H>
   3          #include <math.H>
   4          
   5          #define uchar  unsigned char 
   6          #define uint   unsigned int
   7          
   8          sbit dula = P2^6;
   9          sbit wela = P2^7;
  10          
  11          sbit ds = P2^2;
  12          
  13          void delayUs()
  14          {
  15   1          _nop_();
  16   1      }
  17          
  18          void delayMs(uint a)
  19          {
  20   1          uint i, j;
  21   1          for(i = a; i > 0; i--)
  22   1              for(j = 100; j > 0; j--);
  23   1      }
  24          
  25          void dsInit()
  26          {    
  27   1         unsigned int i;  
  28   1         ds = 0;
  29   1         i = 100;  
  30   1         while(i>0) i--;
  31   1         ds = 1;   
  32   1         i = 4;
  33   1         while(i>0) i--;
  34   1      }
  35           
  36          void dsWait()
  37          {
  38   1          unsigned int i;
  39   1          while(ds);  
  40   1          while(~ds);
  41   1          i = 4;
  42   1          while(i > 0) i--;
  43   1      }
  44          
  45          
  46          bit readBit()
  47          {
  48   1          unsigned int i;
  49   1          bit b;
  50   1          ds = 0;
  51   1          i++;   
  52   1          ds = 1; 
  53   1         i++; i++;  
  54   1          b = ds;
  55   1          i = 8; 
C51 COMPILER V9.00   MAIN                                                                  04/01/2021 16:51:01 PAGE 2   

  56   1          while(i>0) i--;
  57   1          return b;
  58   1      }
  59          
  60          unsigned char readByte()
  61          {
  62   1          unsigned int i;
  63   1          unsigned char j, dat;
  64   1         dat = 0;
  65   1          for(i=0; i<8; i++)
  66   1          {
  67   2              j = readBit();
  68   2            
  69   2              dat = (j << 7) | (dat >> 1);
  70   2          }
  71   1          return dat;
  72   1      }
  73          
  74          
  75          void writeByte(unsigned char dat)
  76          {
  77   1          unsigned int i;
  78   1          unsigned char j;
  79   1          bit b;
  80   1          for(j = 0; j < 8; j++)
  81   1          {
  82   2              b = dat & 0x01;
  83   2              dat >>= 1;
  84   2          
  85   2              if(b)   
  86   2              {
  87   3                 ds = 0;          i++; i++;  
  88   3                  ds = 1;    
  89   3                  i = 8; while(i>0) i--;  
  90   3              }
  91   2              else  
  92   2              {
  93   3                  ds = 0;
  94   3                i = 8; while(i>0) i--;  
  95   3                  ds = 1;
  96   3                 i++; i++;
  97   3              }
  98   2         }
  99   1      }
 100          
 101          
 102          void sendChangeCmd()
 103          {
 104   1          dsInit();    
 105   1          dsWait();   
 106   1          delayMs(1);    
 107   1          writeByte(0xcc);
 108   1          writeByte(0x44);
 109   1      }
 110          
 111          void sendReadCmd()
 112          {
 113   1          dsInit();
 114   1          dsWait();
 115   1          delayMs(1);
 116   1          writeByte(0xcc); 
 117   1          writeByte(0xbe); 
C51 COMPILER V9.00   MAIN                                                                  04/01/2021 16:51:01 PAGE 3   

 118   1      }
 119          
 120          
 121          int getTmpValue()
 122          {
 123   1          unsigned int tmpvalue;
 124   1          int value; 
 125   1          float t;
 126   1          unsigned char low, high;
 127   1          sendReadCmd();
 128   1          
 129   1          low = readByte(); 
 130   1          high = readByte();
 131   1         
 132   1          tmpvalue = high;
 133   1          tmpvalue <<= 8;
 134   1          tmpvalue |= low;
 135   1          value = tmpvalue;
 136   1          
 137   1        
 138   1          t = value * 0.0625;
 139   1          
 140   1          value = t * 100 + (value > 0 ? 0.5 : -0.5); //大于0加0.5, 小于0减0.5
 141   1          return value;
 142   1      }
 143          
 144          void main()
 145          {
 146   1      
 147   1      }


MODULE INFORMATION:   STATIC OVERLAYABLE
   CODE SIZE        =    358    ----
   CONSTANT SIZE    =   ----    ----
   XDATA SIZE       =   ----    ----
   PDATA SIZE       =   ----    ----
   DATA SIZE        =   ----       6
   IDATA SIZE       =   ----    ----
   BIT SIZE         =   ----       2
END OF MODULE INFORMATION.


C51 COMPILATION COMPLETE.  0 WARNING(S),  0 ERROR(S)
