C51 COMPILER V9.00   MAIN                                                                  03/26/2021 18:17:02 PAGE 1   


C51 COMPILER V9.00, COMPILATION OF MODULE MAIN
OBJECT MODULE PLACED IN main.OBJ
COMPILER INVOKED BY: C:\Keil_v4\C51\BIN\C51.EXE main.c BROWSE DEBUG OBJECTEXTEND

line level    source

   1          #include<reg52.h> //包含头文件，一般情况不需要改动，头文件包含特殊功能寄存器的定义
   2          #include<intrins.h>
   3          
   4          #define uchar unsigned char
   5          #define uint unsigned int
   6          
   7          sbit RS = P1^0;   //定义端口 
   8          sbit RW = P1^1;
   9          sbit EN = P2^5;
  10          
  11          
  12          
  13          sbit dula=P2^6;
  14          sbit wela=P2^7;
  15          
  16          #define RS_CLR RS=0 
  17          #define RS_SET RS=1
  18          
  19          #define RW_CLR RW=0 
  20          #define RW_SET RW=1 
  21          
  22          #define EN_CLR EN=0
  23          #define EN_SET EN=1
  24          
  25          #define DataPort P0
  26          
  27          /*------------------------------------------------
  28           uS延时函数，含有输入参数 unsigned char t，无返回值
  29           unsigned char 是定义无符号字符变量，其值的范围是
  30           0~255 这里使用晶振12M，精确延时请使用汇编,大致延时
  31           长度如下 T=tx2+5 uS 
  32          ------------------------------------------------*/
  33          void DelayUs2x(unsigned char t)
  34          {   
  35   1       while(--t);
  36   1      }
  37          
  38          void delay(uint z)
  39          {
  40   1              uint x,y;
  41   1              for(x=z;x>0;x--)
  42   1                      for(y=110;y>0;y--);
  43   1      }
  44          
  45          
  46          /*------------------------------------------------
  47           mS延时函数，含有输入参数 unsigned char t，无返回值
  48           unsigned char 是定义无符号字符变量，其值的范围是
  49           0~255 这里使用晶振12M，精确延时请使用汇编
  50          ------------------------------------------------*/
  51          void DelayMs(unsigned char t)
  52          {  
  53   1       while(t--)
  54   1       {
  55   2           //大致延时1mS
C51 COMPILER V9.00   MAIN                                                                  03/26/2021 18:17:02 PAGE 2   

  56   2           DelayUs2x(245);
  57   2               DelayUs2x(245);
  58   2       }
  59   1      }
  60          /*------------------------------------------------
  61                        判忙函数
  62          ------------------------------------------------*/
  63           bit LCD_Check_Busy(void) 
  64           { 
  65   1       RS_CLR; 
  66   1       RW_SET; 
  67   1       EN_CLR; 
  68   1       delay(5); 
  69   1       EN_SET;
  70   1       return (bit)(DataPort & 0x80);//0x80;0x00
  71   1       }
  72          /*------------------------------------------------
  73                        写入命令函数
  74          ------------------------------------------------*/
  75           void LCD_Write_Com(unsigned char com) 
  76           {  
  77   1           //while(LCD_Check_Busy()); //忙则等待
  78   1           RS_CLR;
  79   1           DataPort= com; 
  80   1           delay(5); 
  81   1           EN_SET; 
  82   1           delay(5); 
  83   1           EN_CLR;
  84   1       }
  85          /*------------------------------------------------
  86                        写入数据函数
  87          ------------------------------------------------*/
  88           void LCD_Write_Data(unsigned char Data) 
  89           { 
  90   1          // while(LCD_Check_Busy()); //忙则等待
  91   1           RS_SET;   
  92   1           DataPort= Data; 
  93   1           delay(5);
  94   1           EN_SET; 
  95   1           delay(5);
  96   1           EN_CLR;
  97   1       }
  98          
  99          /*------------------------------------------------
 100                          清屏函数
 101          ------------------------------------------------*/
 102           void LCD_Clear(void) 
 103           { 
 104   1           LCD_Write_Com(0x01); 
 105   1           DelayMs(5);
 106   1       }
 107          /*------------------------------------------------
 108                        写入字符串函数
 109          ------------------------------------------------*/
 110           void LCD_Write_String(unsigned char x,unsigned char y,unsigned char *s) 
 111           {     
 112   1           if (y == 0) 
 113   1           {     
 114   2               LCD_Write_Com(0x80 + x);     //表示第一行
 115   2           }
 116   1           else 
 117   1           {      
C51 COMPILER V9.00   MAIN                                                                  03/26/2021 18:17:02 PAGE 3   

 118   2              LCD_Write_Com(0x80 + 0x40 + x);      //表示第二行
 119   2           }        
 120   1           while (*s) 
 121   1           {     
 122   2               LCD_Write_Data(*s);     
 123   2               s++;     
 124   2           }
 125   1       }
 126          /*------------------------------------------------
 127                        写入字符函数
 128          ------------------------------------------------*/
 129           void LCD_Write_Char(unsigned char x,unsigned char y,unsigned char Data) 
 130           {     
 131   1          if (y == 0)
 132   1          {     
 133   2              LCD_Write_Com(0x80 + x);     
 134   2          }    
 135   1          else 
 136   1          {     
 137   2              LCD_Write_Com(0x80 + 0x40 + x);     
 138   2          }        
 139   1          LCD_Write_Data( Data);  
 140   1       }
 141          /*------------------------------------------------
 142                        初始化函数
 143          ------------------------------------------------*/
 144           void LCD_Init(void) 
 145           {
 146   1         RW_CLR;
 147   1         dula=0;
 148   1         wela=0;
 149   1         EN_CLR;
 150   1         LCD_Write_Com(0x38);    /*显示模式设置*/ 
 151   1         LCD_Write_Com(0x0e);    /*显示关闭*/ 
 152   1         LCD_Write_Com(0x06);    /*显示光标移动设置*/ 
 153   1         LCD_Write_Com(0x01);    /*显示清屏*/ 
 154   1         LCD_Write_Com(0x80);    /*显示开及光标设置*/
 155   1      }
 156             
 157          /*------------------------------------------------
 158                              主函数
 159          ------------------------------------------------*/ 
 160          void main(void) 
 161          { 
 162   1      LCD_Init(); 
 163   1      LCD_Clear();//清屏
 164   1      LCD_Write_Char(1, 0, 'o');
 165   1      LCD_Write_Char(8,0,'k');
 166   1      LCD_Write_String(1,1,"hello world");
 167   1      while(1);
 168   1      }


MODULE INFORMATION:   STATIC OVERLAYABLE
   CODE SIZE        =    242    ----
   CONSTANT SIZE    =     12    ----
   XDATA SIZE       =   ----    ----
   PDATA SIZE       =   ----    ----
   DATA SIZE        =   ----       1
   IDATA SIZE       =   ----    ----
   BIT SIZE         =   ----    ----
END OF MODULE INFORMATION.

C51 COMPILER V9.00   MAIN                                                                  03/26/2021 18:17:02 PAGE 4   


C51 COMPILATION COMPLETE.  0 WARNING(S),  0 ERROR(S)
