C51 COMPILER V9.00   LESSION4                                                              03/08/2021 17:06:46 PAGE 1   


C51 COMPILER V9.00, COMPILATION OF MODULE LESSION4
OBJECT MODULE PLACED IN lession4.OBJ
COMPILER INVOKED BY: C:\Keil_v4\C51\BIN\C51.EXE lession4.c BROWSE DEBUG OBJECTEXTEND

line level    source

   1          #include<reg52.h>
   2          #include<intrins.h>
   3          
   4          #define uchar unsigned char         
   5          #define uint unsigned int
   6          #define dula P0
   7          
   8          uchar code sz[17]={0x3f , 0x06 , 0x5b ,0x4f , 0x66 , 0x6d ,0x7d , 0x07 , 0x7f , 0x6f ,0x77 , 0x7c , 0x39 ,
             - 0x5e , 0x79 , 0x71 , 0x00};
   9          
  10          sbit wela1 = P2^4;
  11          sbit wela2 = P2^5;
  12          sbit wela3 = P2^6;
  13          sbit wela4 = P2^7; 
  14          
  15          sbit beep = P2^3;
  16          
  17          uint tt, t2, num, qian, bai, shi, ge, beep_flag;
  18          uint temp;
  19          void delay(unsigned int xms);
  20          void getNum(uint num);
  21          
  22          
  23          void init()
  24          {
  25   1          temp = 0xfe;
  26   1          P1 = temp;
  27   1          TMOD = 0x11;
  28   1          TH0 = (65535-50000)/256;
  29   1          TL0 = (65535-50000)%256;
  30   1          TH1 = (65535-50000)/256;
  31   1          TL1 = (65535-50000)%256;
  32   1          EA = 1;     //开启中断
  33   1          ET0 = 1;    //定时器T0中断, 用于数码管
  34   1          TR0 = 1;    //定时器T0启动 
  35   1          ET1 = 1;    //定时器T1中断, 用于跑马灯
  36   1          TR1 = 1;    //定时器T1启动
  37   1      }
  38          
  39          void timer1() interrupt 1
  40          {
  41   1          TH0 = (65535-50000)/256;
  42   1          TL0 = (65535-50000)%256;
  43   1          tt++;
  44   1          if(tt==2)
  45   1          {
  46   2              tt = 0;
  47   2              num++;
  48   2              if(num==10000)
  49   2                  num = 0;
  50   2              if(num==99)//等于999时，定时器停止
  51   2              {
  52   3                  //TR0 = 0;
  53   3                  beep_flag = 1;
  54   3                  //TR1 = 0;
C51 COMPILER V9.00   LESSION4                                                              03/08/2021 17:06:46 PAGE 2   

  55   3              }
  56   2              if(beep_flag==1 && num%20==0)
  57   2              {
  58   3                  //num = 1;
  59   3                  beep = 0;
  60   3              }
  61   2              else
  62   2              {
  63   3                  beep = 1;
  64   3              }
  65   2              getNum(num);
  66   2          }
  67   1      }
  68          
  69          void led0() interrupt 3
  70          {
  71   1          TH1 = (65535-50000)/256;
  72   1          TL1 = (65535-50000)%256;
  73   1          t2++;
  74   1          
  75   1          if(t2==10)
  76   1          {
  77   2              t2=0;
  78   2              temp = _crol_(P1, 1);
  79   2              P1 = temp;
  80   2          }
  81   1      }
  82          
  83          void display(uint qian, uint bai, uint shi, uint ge)
  84          {
  85   1          dula = sz[qian];
  86   1          wela1 = 1;
  87   1          wela2 = 0;
  88   1          wela3 = 0;
  89   1          wela4 = 0;
  90   1          delay(5);
  91   1          dula = sz[bai];
  92   1          wela1 = 0;
  93   1          wela2 = 1;
  94   1          wela3 = 0;
  95   1          wela4 = 0;
  96   1          delay(5);
  97   1          dula = sz[shi];
  98   1          wela1 = 0;
  99   1          wela2 = 0;
 100   1          wela3 = 1;
 101   1          wela4 = 0;
 102   1          delay(5);
 103   1          dula = sz[ge];
 104   1          wela1 = 0;
 105   1          wela2 = 0;
 106   1          wela3 = 0;
 107   1          wela4 = 1;
 108   1          delay(5);
 109   1      }
 110          
 111          void delay(unsigned int xms)                            
 112          {
 113   1              unsigned int i,j;
 114   1              for(i=xms;i>0;i--)                    //i=xms即延时约xms毫秒
 115   1                      for(j=112;j>0;j--);
 116   1      }
C51 COMPILER V9.00   LESSION4                                                              03/08/2021 17:06:46 PAGE 3   

 117          
 118          void getNum(uint num)
 119          {
 120   1          qian = num/1000;
 121   1          bai = num/100%10;
 122   1          shi = num/10%10;
 123   1          ge = num%10;
 124   1      }
 125          
 126          
 127          
 128          void main()
 129          {
 130   1          init();
 131   1          while(1)
 132   1          {
 133   2              display(qian, bai, shi, ge);
 134   2          }
 135   1      }


MODULE INFORMATION:   STATIC OVERLAYABLE
   CODE SIZE        =    463    ----
   CONSTANT SIZE    =     17    ----
   XDATA SIZE       =   ----    ----
   PDATA SIZE       =   ----    ----
   DATA SIZE        =     18       8
   IDATA SIZE       =   ----    ----
   BIT SIZE         =   ----    ----
END OF MODULE INFORMATION.


C51 COMPILATION COMPLETE.  0 WARNING(S),  0 ERROR(S)
