C51 COMPILER V9.00   MAIN                                                                  02/25/2021 14:22:27 PAGE 1   


C51 COMPILER V9.00, COMPILATION OF MODULE MAIN
OBJECT MODULE PLACED IN main.OBJ
COMPILER INVOKED BY: C:\Keil_v4\C51\BIN\C51.EXE main.c BROWSE DEBUG OBJECTEXTEND

line level    source

   1          #include "reg52.h"
   2          #define uchar unsigned char 
   3          
   4          sbit led1 = P1^0;
   5          sbit led2 = P1^1;
   6          sbit led3 = P1^2;
   7          sbit led4 = P1^3;
   8          sbit led5 = P1^4;
   9          sbit led6 = P1^5;
  10          sbit led7 = P1^6;
  11          sbit led8 = P1^7;
  12          
  13          sbit key1 = P3^4;
  14          sbit key2 = P3^5;
  15          sbit key3 = P3^6;
  16          sbit key4 = P3^7;
  17          
  18          sbit beep = P2^3;
  19          
  20          uchar num = 0;
  21          
  22          /**
  23          功能：
  24          按下按钮1时1和3灯亮；连续按下按钮1两次时，轰鸣器响
  25          按下按钮2时2和4灯亮；
  26          按下按钮3时5和7灯亮；
  27          按下按钮4时6和8灯亮
  28          **/
  29          void delay(uchar i)
  30          {
  31   1          uchar j, k;
  32   1          for(j=i; j>0; j--)
  33   1          {
  34   2              for(k=125; k>0; k--);
  35   2          }
  36   1      }
  37          void main()
  38          {
  39   1          while(1)
  40   1          {
  41   2              if(key1==0)
  42   2              {
  43   3                  delay(20);     //消抖
  44   3                  if(key1==0)
  45   3                  {
  46   4                      while(!key1);
  47   4                      num++;
  48   4                  }
  49   3                  switch(num)
  50   3                  {
  51   4                      case 1:
  52   4                          led1 = 0;
  53   4                          led3 = 0;
  54   4                          beep = 1;
  55   4                          break;
C51 COMPILER V9.00   MAIN                                                                  02/25/2021 14:22:27 PAGE 2   

  56   4                      case 2:
  57   4                          beep = 0;
  58   4                          led1 = 1;
  59   4                          led2 = 1;
  60   4                          num = 0;
  61   4                          break;
  62   4                  }
  63   3              }
  64   2              if(key2==0)
  65   2              {
  66   3                  led2 = 0;
  67   3                  led4 = 0;
  68   3              } 
  69   2              else
  70   2              {
  71   3                  P1 = 0xff;
  72   3              }
  73   2              if(key3==0)
  74   2              {
  75   3                  led5 = 0;
  76   3                  led7 = 0;
  77   3              }
  78   2              else
  79   2              {
  80   3                  P1 = 0xff;
  81   3              }
  82   2              if(key4==0)
  83   2              {
  84   3                  led6 = 0;
  85   3                  led8 = 0;
  86   3              }
  87   2              else
  88   2              {
  89   3                  P1 = 0xff;
  90   3              }
  91   2                
  92   2          }
  93   1          
  94   1      }


MODULE INFORMATION:   STATIC OVERLAYABLE
   CODE SIZE        =     94    ----
   CONSTANT SIZE    =   ----    ----
   XDATA SIZE       =   ----    ----
   PDATA SIZE       =   ----    ----
   DATA SIZE        =      1    ----
   IDATA SIZE       =   ----    ----
   BIT SIZE         =   ----    ----
END OF MODULE INFORMATION.


C51 COMPILATION COMPLETE.  0 WARNING(S),  0 ERROR(S)
